<?xml version="1.0" encoding="UTF-8"?>
<testng-results ignored="0" total="1" passed="1" failed="0" skipped="0">
  <reporter-output>
  </reporter-output>
  <suite started-at="2023-11-30T19:10:49 IST" name="Default suite" finished-at="2023-11-30T19:11:08 IST" duration-ms="19903">
    <groups>
    </groups>
    <test started-at="2023-11-30T19:10:49 IST" name="Default test" finished-at="2023-11-30T19:11:08 IST" duration-ms="19903">
      <class name="CrossBrowserTesting.CrossBrowserDemo">
        <test-method is-config="true" signature="launchBrowser()[pri:0, instance:CrossBrowserTesting.CrossBrowserDemo@59fd97a8]" started-at="2023-11-30T19:10:49 IST" name="launchBrowser" finished-at="2023-11-30T19:10:57 IST" duration-ms="8841" status="PASS">
          <reporter-output>
          </reporter-output>
        </test-method> <!-- launchBrowser -->
        <test-method signature="verifyTitle()[pri:0, instance:CrossBrowserTesting.CrossBrowserDemo@59fd97a8]" started-at="2023-11-30T19:10:57 IST" name="verifyTitle" finished-at="2023-11-30T19:11:08 IST" duration-ms="10895" status="PASS">
          <reporter-output>
          </reporter-output>
        </test-method> <!-- verifyTitle -->
        <test-method is-config="true" signature="tearDown()[pri:0, instance:CrossBrowserTesting.CrossBrowserDemo@59fd97a8]" started-at="2023-11-30T19:11:08 IST" name="tearDown" finished-at="2023-11-30T19:11:08 IST" duration-ms="112" status="PASS">
          <reporter-output>
          </reporter-output>
        </test-method> <!-- tearDown -->
      </class> <!-- CrossBrowserTesting.CrossBrowserDemo -->
    </test> <!-- Default test -->
  </suite> <!-- Default suite -->
</testng-results>
