<?xml version="1.0" encoding="UTF-8"?>
<!-- Generated by org.testng.reporters.JUnitXMLReporter -->
<testsuite ignored="0" hostname="Rakeshs-MacBook-Air.local" failures="1" tests="1" name="Keyword2" time="0.006" errors="0" timestamp="2023-11-30T00:18:38 IST">
  <testcase classname="TestNGFramework.TestNGFramework.GoogleSearch" name="googlesearch" time="0.0">
    <failure type="org.testng.TestNGException" message="
Parameter &amp;apos;SearchData&amp;apos; is required by @Test on method googlesearch but has not been marked @Optional or defined
in /Users/rakesh9254/Desktop/WorkSpaceSelenium/TestNGFramework/testng.xml">
      <![CDATA[org.testng.TestNGException: 
Parameter 'SearchData' is required by @Test on method googlesearch but has not been marked @Optional or defined
in /Users/rakesh9254/Desktop/WorkSpaceSelenium/TestNGFramework/testng.xml
at java.base/java.util.ArrayList.forEach(ArrayList.java:1511)
... Removed 26 stack frames]]>
    </failure>
  </testcase> <!-- googlesearch -->
</testsuite> <!-- Keyword2 -->
